<?xml version="1.0" encoding="UTF-8"?>
<!-- Generated by org.testng.reporters.JUnitReportReporter -->
<testsuite skipped="0" hostname="Laxminarayan-s-MacBook-Pro.local" name="runner.RunCuke" tests="2" failures="0" timestamp="29 Sep 2019 19:52:42 GMT" time="59.068" errors="0">
  <testcase name="runScenario" time="27.305" classname="runner.RunCuke"/>
  <testcase name="runScenario" time="31.763" classname="runner.RunCuke"/>
</testsuite> <!-- runner.RunCuke -->
